<?xml version="1.0" encoding="UTF-8"?>
<testsuite xmlns:xsi="http://www.w3.org/2001/XMLSchema-instance" xsi:noNamespaceSchemaLocation="https://maven.apache.org/surefire/maven-surefire-plugin/xsd/surefire-test-report.xsd" name="com.epam.rd.autotasks.DefaultQuadraticEquationTestingTest" time="0.069" tests="5" errors="0" skipped="0" failures="0">
  <properties>
    <property name="java.specification.version" value="18"/>
    <property name="sun.cpu.isalist" value="amd64"/>
    <property name="sun.jnu.encoding" value="Cp1251"/>
    <property name="java.class.path" value="D:\GitLabEpam\3.2 Quadratic Equation Test\test-quadratic-equation\target\test-classes;D:\GitLabEpam\3.2 Quadratic Equation Test\test-quadratic-equation\target\classes;C:\Users\docto\.m2\repository\junit\junit\4.12\junit-4.12.jar;C:\Users\docto\.m2\repository\org\hamcrest\hamcrest-core\1.3\hamcrest-core-1.3.jar;"/>
    <property name="java.vm.vendor" value="Oracle Corporation"/>
    <property name="sun.arch.data.model" value="64"/>
    <property name="user.variant" value=""/>
    <property name="java.vendor.url" value="https://java.oracle.com/"/>
    <property name="user.timezone" value="Europe/Warsaw"/>
    <property name="os.name" value="Windows 11"/>
    <property name="java.vm.specification.version" value="18"/>
    <property name="sun.java.launcher" value="SUN_STANDARD"/>
    <property name="user.country" value="US"/>
    <property name="sun.boot.library.path" value="C:\Program Files\Java\jdk-18\bin"/>
    <property name="sun.java.command" value="C:\Users\docto\AppData\Local\Temp\surefire8869962381049084972\surefirebooter459459163848975337.jar C:\Users\docto\AppData\Local\Temp\surefire8869962381049084972 2022-08-05T10-13-14_937-jvmRun1 surefire1414144675024688405tmp surefire_03275967485105571062tmp"/>
    <property name="jdk.debug" value="release"/>
    <property name="surefire.test.class.path" value="D:\GitLabEpam\3.2 Quadratic Equation Test\test-quadratic-equation\target\test-classes;D:\GitLabEpam\3.2 Quadratic Equation Test\test-quadratic-equation\target\classes;C:\Users\docto\.m2\repository\junit\junit\4.12\junit-4.12.jar;C:\Users\docto\.m2\repository\org\hamcrest\hamcrest-core\1.3\hamcrest-core-1.3.jar;"/>
    <property name="sun.cpu.endian" value="little"/>
    <property name="user.home" value="C:\Users\docto"/>
    <property name="user.language" value="en"/>
    <property name="java.specification.vendor" value="Oracle Corporation"/>
    <property name="java.version.date" value="2022-03-22"/>
    <property name="java.home" value="C:\Program Files\Java\jdk-18"/>
    <property name="file.separator" value="\"/>
    <property name="basedir" value="D:\GitLabEpam\3.2 Quadratic Equation Test\test-quadratic-equation"/>
    <property name="java.vm.compressedOopsMode" value="32-bit"/>
    <property name="line.separator" value="&#10;"/>
    <property name="java.vm.specification.vendor" value="Oracle Corporation"/>
    <property name="java.specification.name" value="Java Platform API Specification"/>
    <property name="surefire.real.class.path" value="C:\Users\docto\AppData\Local\Temp\surefire8869962381049084972\surefirebooter459459163848975337.jar"/>
    <property name="user.script" value=""/>
    <property name="sun.management.compiler" value="HotSpot 64-Bit Tiered Compilers"/>
    <property name="java.runtime.version" value="18+36-2087"/>
    <property name="user.name" value="docto"/>
    <property name="path.separator" value=";"/>
    <property name="os.version" value="10.0"/>
    <property name="java.runtime.name" value="Java(TM) SE Runtime Environment"/>
    <property name="file.encoding" value="UTF-8"/>
    <property name="java.vm.name" value="Java HotSpot(TM) 64-Bit Server VM"/>
    <property name="localRepository" value="C:\Users\docto\.m2\repository"/>
    <property name="java.vendor.url.bug" value="https://bugreport.java.com/bugreport/"/>
    <property name="java.io.tmpdir" value="C:\Users\docto\AppData\Local\Temp\"/>
    <property name="idea.version" value="2021.3.3"/>
    <property name="java.version" value="18"/>
    <property name="user.dir" value="D:\GitLabEpam\3.2 Quadratic Equation Test\test-quadratic-equation"/>
    <property name="os.arch" value="amd64"/>
    <property name="java.vm.specification.name" value="Java Virtual Machine Specification"/>
    <property name="sun.os.patch.level" value=""/>
    <property name="native.encoding" value="Cp1251"/>
    <property name="java.library.path" value="C:\Program Files\Java\jdk-18\bin;C:\WINDOWS\Sun\Java\bin;C:\WINDOWS\system32;C:\WINDOWS;C:\Program Files\Common Files\Oracle\Java\javapath;C:\Windows\system32;C:\Windows;C:\Windows\System32\Wbem;C:\Windows\System32\WindowsPowerShell\v1.0\;C:\Windows\System32\OpenSSH\;C:\Program Files (x86)\NVIDIA Corporation\PhysX\Common;C:\Program Files\NVIDIA Corporation\NVIDIA NvDLISR;C:\WINDOWS\system32;C:\WINDOWS;C:\WINDOWS\System32\Wbem;C:\WINDOWS\System32\WindowsPowerShell\v1.0\;C:\WINDOWS\System32\OpenSSH\;C:\Program Files (x86)\Common Files\Acronis\SnapAPI\;C:\Program Files\Git\cmd;c:\Program Files\apache-maven-3.8.6\bin;C:\Users\docto\AppData\Local\Microsoft\WindowsApps;;."/>
    <property name="java.vm.info" value="mixed mode, sharing"/>
    <property name="java.vendor" value="Oracle Corporation"/>
    <property name="java.vm.version" value="18+36-2087"/>
    <property name="sun.io.unicode.encoding" value="UnicodeLittle"/>
    <property name="java.class.version" value="62.0"/>
  </properties>
  <testcase name="testQuadraticEquationNoRootsCasesTesting" classname="com.epam.rd.autotasks.DefaultQuadraticEquationTestingTest" time="0.021"/>
  <testcase name="testQuadraticEquationTwoRootsCasesTesting" classname="com.epam.rd.autotasks.DefaultQuadraticEquationTestingTest" time="0.011"/>
  <testcase name="testClassesAreParameterized" classname="com.epam.rd.autotasks.DefaultQuadraticEquationTestingTest" time="0.002"/>
  <testcase name="testQuadraticEquationZeroACasesTesting" classname="com.epam.rd.autotasks.DefaultQuadraticEquationTestingTest" time="0.003"/>
  <testcase name="testQuadraticEquationSingleRootCasesTesting" classname="com.epam.rd.autotasks.DefaultQuadraticEquationTestingTest" time="0.004"/>
</testsuite>